<?xml version='1.0' encoding='UTF-8'?>
<testsuite hostname="LAPTOP-UH853BOL" name="QuantexaAssignment.analytics.TotalFlightsPerMonthSpec" tests="1" errors="0" failures="0" skipped="0" time="16.939" timestamp="2025-08-20T04:38:23">
          <properties>
[...]
</properties>
          <testcase classname="QuantexaAssignment.analytics.TotalFlightsPerMonthSpec" name="TotalFlightsPerMonth should count flights per month" time="16.939">
                      
                    </testcase>
          <system-out><![CDATA[]]></system-out>
          <system-err><![CDATA[]]></system-err>
        </testsuite>